<?xml version="1.0" encoding="UTF-8" ?>
<testsuite errors="0" failures="0" hostname="LuzCervantes" name="Modelo.DAO.DepartamentoDAOTest" skipped="0" tests="3" time="2.2" timestamp="2026-07-24T02:14:12">
  <properties>
[...]
</properties>
  <testcase classname="Modelo.DAO.DepartamentoDAOTest" name="testMostrarDepartamentos_CaminoExcepcion_ComboNulo" time="0.425" />
  <testcase classname="Modelo.DAO.DepartamentoDAOTest" name="testMostrarDepartamentos_CaminoFeliz" time="1.222" />
  <testcase classname="Modelo.DAO.DepartamentoDAOTest" name="testMostrarDepartamentos_CaminoExcepcion_SinRegistros" time="0.014" />
  <system-out><![CDATA[Error: java.lang.NullPointerException: Cannot invoke "javax.swing.JComboBox.addItem(Object)" because "cmbDepartamento" is null
]]></system-out>
  <system-err><![CDATA[]]></system-err>
</testsuite>
